<?xml version="1.0" encoding="UTF-8"?>
<!-- Generated by org.testng.reporters.JUnitReportReporter -->
<testsuite hostname="DESKTOP-4JDQMRO" name="com.opencart.testcases.HomePageTests" tests="1" failures="0" timestamp="21 Oct 2015 03:44:25 GMT" time="1.273" errors="0">
  <testcase name="verifyNaviagationtoRegistrationPage" time="1.273" classname="com.opencart.testcases.HomePageTests"/>
</testsuite> <!-- com.opencart.testcases.HomePageTests -->
