<?xml version="1.0" encoding="UTF-8"?>
<!-- Generated by org.testng.reporters.JUnitReportReporter -->
<testsuite hostname="DESKTOP-4JDQMRO" name="com.opencart.testcases.HomePageTests" tests="2" failures="0" timestamp="21 Oct 2015 12:32:35 GMT" time="2.664" errors="0">
  <testcase name="verifyNavigationtoLoginPage" time="1.299" classname="com.opencart.testcases.HomePageTests"/>
  <testcase name="verifyNaviagationtoRegistrationPage" time="1.365" classname="com.opencart.testcases.HomePageTests"/>
</testsuite> <!-- com.opencart.testcases.HomePageTests -->
