<?xml version="1.0" encoding="UTF-8"?>
<!-- Generated by org.testng.reporters.JUnitReportReporter -->
<testsuite hostname="DESKTOP-4JDQMRO" name="com.opencart.testcases.UserRegistrationTests" tests="1" failures="0" timestamp="26 Oct 2015 11:42:25 GMT" time="43.807" errors="0">
  <testcase name="verifyUserRegistration" time="43.807" classname="com.opencart.testcases.UserRegistrationTests"/>
</testsuite> <!-- com.opencart.testcases.UserRegistrationTests -->
